{"/Users/bohdanmorozov/Documents/trainingnf/backend/src/server.ts": {"path":"/Users/bohdanmorozov/Documents/trainingnf/backend/src/server.ts","statementMap":{"0":{"start":{"line":9,"column":6},"end":{"line":9,"column":21}},"1":{"start":{"line":12,"column":0},"end":{"line":12,"column":null}},"2":{"start":{"line":13,"column":0},"end":{"line":13,"column":null}},"3":{"start":{"line":16,"column":0},"end":{"line":23,"column":null}},"4":{"start":{"line":17,"column":2},"end":{"line":22,"column":null}},"5":{"start":{"line":26,"column":0},"end":{"line":42,"column":null}},"6":{"start":{"line":27,"column":2},"end":{"line":40,"column":null}},"7":{"start":{"line":28,"column":4},"end":{"line":28,"column":null}},"8":{"start":{"line":29,"column":4},"end":{"line":33,"column":null}},"9":{"start":{"line":35,"column":4},"end":{"line":40,"column":null}},"10":{"start":{"line":45,"column":0},"end":{"line":45,"column":null}},"11":{"start":{"line":48,"column":0},"end":{"line":48,"column":null}},"12":{"start":{"line":51,"column":0},"end":{"line":54,"column":null}},"13":{"start":{"line":52,"column":2},"end":{"line":52,"column":null}},"14":{"start":{"line":53,"column":2},"end":{"line":53,"column":null}},"15":{"start":{"line":56,"column":0},"end":{"line":59,"column":null}},"16":{"start":{"line":57,"column":2},"end":{"line":57,"column":null}},"17":{"start":{"line":58,"column":2},"end":{"line":58,"column":null}},"18":{"start":{"line":62,"column":0},"end":{"line":69,"column":null}},"19":{"start":{"line":63,"column":2},"end":{"line":69,"column":null}},"20":{"start":{"line":64,"column":4},"end":{"line":64,"column":null}},"21":{"start":{"line":65,"column":4},"end":{"line":65,"column":null}},"22":{"start":{"line":66,"column":4},"end":{"line":66,"column":null}},"23":{"start":{"line":67,"column":4},"end":{"line":67,"column":null}},"24":{"start":{"line":68,"column":4},"end":{"line":68,"column":null}}},"fnMap":{"0":{"name":"(anonymous_0)","decl":{"start":{"line":16,"column":8},"end":{"line":16,"column":24}},"loc":{"start":{"line":16,"column":56},"end":{"line":23,"column":null}},"line":16},"1":{"name":"(anonymous_1)","decl":{"start":{"line":26,"column":26},"end":{"line":26,"column":33}},"loc":{"start":{"line":26,"column":65},"end":{"line":42,"column":null}},"line":26},"2":{"name":"(anonymous_2)","decl":{"start":{"line":51,"column":22},"end":{"line":51,"column":34}},"loc":{"start":{"line":51,"column":34},"end":{"line":54,"column":null}},"line":51},"3":{"name":"(anonymous_3)","decl":{"start":{"line":56,"column":21},"end":{"line":56,"column":33}},"loc":{"start":{"line":56,"column":33},"end":{"line":59,"column":null}},"line":56},"4":{"name":"(anonymous_4)","decl":{"start":{"line":63,"column":17},"end":{"line":63,"column":29}},"loc":{"start":{"line":63,"column":29},"end":{"line":69,"column":null}},"line":63}},"branchMap":{"0":{"loc":{"start":{"line":39,"column":13},"end":{"line":39,"column":null}},"type":"cond-expr","locations":[{"start":{"line":39,"column":38},"end":{"line":39,"column":54}},{"start":{"line":39,"column":54},"end":{"line":39,"column":null}}],"line":39},"1":{"loc":{"start":{"line":62,"column":0},"end":{"line":69,"column":null}},"type":"if","locations":[{"start":{"line":62,"column":0},"end":{"line":69,"column":null}},{"start":{},"end":{}}],"line":62}},"s":{"0":3,"1":3,"2":3,"3":3,"4":3,"5":3,"6":0,"7":0,"8":0,"9":0,"10":3,"11":3,"12":3,"13":0,"14":0,"15":3,"16":0,"17":0,"18":3,"19":0,"20":0,"21":0,"22":0,"23":0,"24":0},"f":{"0":3,"1":0,"2":0,"3":0,"4":0},"b":{"0":[0,0],"1":[0,3]},"meta":{"lastBranch":2,"lastFunction":5,"lastStatement":25,"seen":{"s:9:6:9:21":0,"s:12:0:12:Infinity":1,"s:13:0:13:Infinity":2,"s:16:0:23:Infinity":3,"f:16:8:16:24":0,"s:17:2:22:Infinity":4,"s:26:0:42:Infinity":5,"f:26:26:26:33":1,"s:27:2:40:Infinity":6,"s:28:4:28:Infinity":7,"s:29:4:33:Infinity":8,"s:35:4:40:Infinity":9,"b:39:38:39:54:39:54:39:Infinity":0,"s:45:0:45:Infinity":10,"s:48:0:48:Infinity":11,"s:51:0:54:Infinity":12,"f:51:22:51:34":2,"s:52:2:52:Infinity":13,"s:53:2:53:Infinity":14,"s:56:0:59:Infinity":15,"f:56:21:56:33":3,"s:57:2:57:Infinity":16,"s:58:2:58:Infinity":17,"b:62:0:69:Infinity:undefined:undefined:undefined:undefined":1,"s:62:0:69:Infinity":18,"s:63:2:69:Infinity":19,"f:63:17:63:29":4,"s:64:4:64:Infinity":20,"s:65:4:65:Infinity":21,"s:66:4:66:Infinity":22,"s:67:4:67:Infinity":23,"s:68:4:68:Infinity":24}}}
,"/Users/bohdanmorozov/Documents/trainingnf/backend/src/config/env.ts": {"path":"/Users/bohdanmorozov/Documents/trainingnf/backend/src/config/env.ts","statementMap":{"0":{"start":{"line":5,"column":0},"end":{"line":5,"column":null}},"1":{"start":{"line":14,"column":18},"end":{"line":41,"column":2}},"2":{"start":{"line":19,"column":24},"end":{"line":19,"column":41}},"3":{"start":{"line":20,"column":21},"end":{"line":20,"column":45}},"4":{"start":{"line":32,"column":21},"end":{"line":32,"column":52}},"5":{"start":{"line":52,"column":2},"end":{"line":69,"column":null}},"6":{"start":{"line":53,"column":16},"end":{"line":53,"column":44}},"7":{"start":{"line":54,"column":4},"end":{"line":54,"column":null}},"8":{"start":{"line":55,"column":4},"end":{"line":55,"column":null}},"9":{"start":{"line":57,"column":4},"end":{"line":65,"column":null}},"10":{"start":{"line":58,"column":21},"end":{"line":58,"column":39}},"11":{"start":{"line":59,"column":26},"end":{"line":59,"column":103}},"12":{"start":{"line":59,"column":44},"end":{"line":59,"column":92}},"13":{"start":{"line":61,"column":6},"end":{"line":61,"column":null}},"14":{"start":{"line":62,"column":6},"end":{"line":62,"column":null}},"15":{"start":{"line":63,"column":6},"end":{"line":63,"column":null}},"16":{"start":{"line":65,"column":6},"end":{"line":65,"column":null}},"17":{"start":{"line":68,"column":4},"end":{"line":68,"column":null}},"18":{"start":{"line":69,"column":4},"end":{"line":69,"column":null}},"19":{"start":{"line":77,"column":19},"end":{"line":77,"column":32}}},"fnMap":{"0":{"name":"(anonymous_0)","decl":{"start":{"line":19,"column":5},"end":{"line":19,"column":16}},"loc":{"start":{"line":19,"column":24},"end":{"line":19,"column":41}},"line":19},"1":{"name":"(anonymous_1)","decl":{"start":{"line":20,"column":5},"end":{"line":20,"column":13}},"loc":{"start":{"line":20,"column":21},"end":{"line":20,"column":45}},"line":20},"2":{"name":"(anonymous_2)","decl":{"start":{"line":32,"column":5},"end":{"line":32,"column":13}},"loc":{"start":{"line":32,"column":21},"end":{"line":32,"column":52}},"line":32},"3":{"name":"validateEnv","decl":{"start":{"line":51,"column":16},"end":{"line":51,"column":35}},"loc":{"start":{"line":51,"column":35},"end":{"line":69,"column":null}},"line":51},"4":{"name":"(anonymous_4)","decl":{"start":{"line":59,"column":33},"end":{"line":59,"column":38}},"loc":{"start":{"line":59,"column":44},"end":{"line":59,"column":92}},"line":59}},"branchMap":{"0":{"loc":{"start":{"line":20,"column":21},"end":{"line":20,"column":45}},"type":"binary-expr","locations":[{"start":{"line":20,"column":21},"end":{"line":20,"column":32}},{"start":{"line":20,"column":32},"end":{"line":20,"column":45}}],"line":20},"1":{"loc":{"start":{"line":57,"column":4},"end":{"line":65,"column":null}},"type":"if","locations":[{"start":{"line":57,"column":4},"end":{"line":65,"column":null}},{"start":{},"end":{}}],"line":57},"2":{"loc":{"start":{"line":58,"column":21},"end":{"line":58,"column":39}},"type":"binary-expr","locations":[{"start":{"line":58,"column":21},"end":{"line":58,"column":37}},{"start":{"line":58,"column":37},"end":{"line":58,"column":39}}],"line":58}},"s":{"0":3,"1":3,"2":3,"3":3,"4":3,"5":3,"6":3,"7":3,"8":3,"9":0,"10":0,"11":0,"12":0,"13":0,"14":0,"15":0,"16":0,"17":0,"18":0,"19":3},"f":{"0":3,"1":3,"2":3,"3":3,"4":0},"b":{"0":[3,3],"1":[0,0],"2":[0,0]},"meta":{"lastBranch":3,"lastFunction":5,"lastStatement":20,"seen":{"s:5:0:5:Infinity":0,"s:14:18:41:2":1,"f:19:5:19:16":0,"s:19:24:19:41":2,"f:20:5:20:13":1,"s:20:21:20:45":3,"b:20:21:20:32:20:32:20:45":0,"f:32:5:32:13":2,"s:32:21:32:52":4,"f:51:16:51:35":3,"s:52:2:69:Infinity":5,"s:53:16:53:44":6,"s:54:4:54:Infinity":7,"s:55:4:55:Infinity":8,"b:57:4:65:Infinity:undefined:undefined:undefined:undefined":1,"s:57:4:65:Infinity":9,"s:58:21:58:39":10,"b:58:21:58:37:58:37:58:39":2,"s:59:26:59:103":11,"f:59:33:59:38":4,"s:59:44:59:92":12,"s:61:6:61:Infinity":13,"s:62:6:62:Infinity":14,"s:63:6:63:Infinity":15,"s:65:6:65:Infinity":16,"s:68:4:68:Infinity":17,"s:69:4:69:Infinity":18,"s:77:19:77:32":19}}}
,"/Users/bohdanmorozov/Documents/trainingnf/backend/src/controllers/todo.controller.ts": {"path":"/Users/bohdanmorozov/Documents/trainingnf/backend/src/controllers/todo.controller.ts","statementMap":{"0":{"start":{"line":5,"column":2},"end":{"line":9,"column":null}},"1":{"start":{"line":6,"column":18},"end":{"line":6,"column":45}},"2":{"start":{"line":7,"column":4},"end":{"line":7,"column":null}},"3":{"start":{"line":9,"column":4},"end":{"line":9,"column":null}},"4":{"start":{"line":14,"column":2},"end":{"line":18,"column":null}},"5":{"start":{"line":15,"column":17},"end":{"line":15,"column":51}},"6":{"start":{"line":16,"column":4},"end":{"line":16,"column":null}},"7":{"start":{"line":18,"column":4},"end":{"line":18,"column":null}},"8":{"start":{"line":23,"column":2},"end":{"line":33,"column":null}},"9":{"start":{"line":24,"column":15},"end":{"line":24,"column":null}},"10":{"start":{"line":25,"column":17},"end":{"line":25,"column":55}},"11":{"start":{"line":26,"column":4},"end":{"line":29,"column":null}},"12":{"start":{"line":27,"column":6},"end":{"line":29,"column":null}},"13":{"start":{"line":31,"column":4},"end":{"line":31,"column":null}},"14":{"start":{"line":33,"column":4},"end":{"line":33,"column":null}},"15":{"start":{"line":38,"column":2},"end":{"line":45,"column":null}},"16":{"start":{"line":39,"column":4},"end":{"line":40,"column":null}},"17":{"start":{"line":40,"column":6},"end":{"line":40,"column":null}},"18":{"start":{"line":42,"column":4},"end":{"line":42,"column":null}},"19":{"start":{"line":43,"column":4},"end":{"line":43,"column":null}},"20":{"start":{"line":45,"column":4},"end":{"line":45,"column":null}},"21":{"start":{"line":50,"column":2},"end":{"line":60,"column":null}},"22":{"start":{"line":51,"column":15},"end":{"line":51,"column":null}},"23":{"start":{"line":52,"column":17},"end":{"line":52,"column":45}},"24":{"start":{"line":53,"column":4},"end":{"line":56,"column":null}},"25":{"start":{"line":54,"column":6},"end":{"line":56,"column":null}},"26":{"start":{"line":58,"column":4},"end":{"line":58,"column":null}},"27":{"start":{"line":60,"column":4},"end":{"line":60,"column":null}}},"fnMap":{"0":{"name":"getAll","decl":{"start":{"line":4,"column":22},"end":{"line":4,"column":29}},"loc":{"start":{"line":4,"column":78},"end":{"line":9,"column":null}},"line":4},"1":{"name":"create","decl":{"start":{"line":13,"column":22},"end":{"line":13,"column":29}},"loc":{"start":{"line":13,"column":78},"end":{"line":18,"column":null}},"line":13},"2":{"name":"update","decl":{"start":{"line":22,"column":22},"end":{"line":22,"column":29}},"loc":{"start":{"line":22,"column":78},"end":{"line":33,"column":null}},"line":22},"3":{"name":"removeAll","decl":{"start":{"line":37,"column":22},"end":{"line":37,"column":32}},"loc":{"start":{"line":37,"column":81},"end":{"line":45,"column":null}},"line":37},"4":{"name":"remove","decl":{"start":{"line":49,"column":22},"end":{"line":49,"column":29}},"loc":{"start":{"line":49,"column":78},"end":{"line":60,"column":null}},"line":49}},"branchMap":{"0":{"loc":{"start":{"line":26,"column":4},"end":{"line":29,"column":null}},"type":"if","locations":[{"start":{"line":26,"column":4},"end":{"line":29,"column":null}},{"start":{},"end":{}}],"line":26},"1":{"loc":{"start":{"line":39,"column":4},"end":{"line":40,"column":null}},"type":"if","locations":[{"start":{"line":39,"column":4},"end":{"line":40,"column":null}},{"start":{},"end":{}}],"line":39},"2":{"loc":{"start":{"line":53,"column":4},"end":{"line":56,"column":null}},"type":"if","locations":[{"start":{"line":53,"column":4},"end":{"line":56,"column":null}},{"start":{},"end":{}}],"line":53}},"s":{"0":2,"1":2,"2":2,"3":0,"4":3,"5":3,"6":3,"7":0,"8":2,"9":2,"10":2,"11":2,"12":1,"13":1,"14":0,"15":0,"16":0,"17":0,"18":0,"19":0,"20":0,"21":2,"22":2,"23":2,"24":2,"25":1,"26":1,"27":0},"f":{"0":2,"1":3,"2":2,"3":0,"4":2},"b":{"0":[1,1],"1":[0,0],"2":[1,1]},"meta":{"lastBranch":3,"lastFunction":5,"lastStatement":28,"seen":{"f:4:22:4:29":0,"s:5:2:9:Infinity":0,"s:6:18:6:45":1,"s:7:4:7:Infinity":2,"s:9:4:9:Infinity":3,"f:13:22:13:29":1,"s:14:2:18:Infinity":4,"s:15:17:15:51":5,"s:16:4:16:Infinity":6,"s:18:4:18:Infinity":7,"f:22:22:22:29":2,"s:23:2:33:Infinity":8,"s:24:15:24:Infinity":9,"s:25:17:25:55":10,"b:26:4:29:Infinity:undefined:undefined:undefined:undefined":0,"s:26:4:29:Infinity":11,"s:27:6:29:Infinity":12,"s:31:4:31:Infinity":13,"s:33:4:33:Infinity":14,"f:37:22:37:32":3,"s:38:2:45:Infinity":15,"b:39:4:40:Infinity:undefined:undefined:undefined:undefined":1,"s:39:4:40:Infinity":16,"s:40:6:40:Infinity":17,"s:42:4:42:Infinity":18,"s:43:4:43:Infinity":19,"s:45:4:45:Infinity":20,"f:49:22:49:29":4,"s:50:2:60:Infinity":21,"s:51:15:51:Infinity":22,"s:52:17:52:45":23,"b:53:4:56:Infinity:undefined:undefined:undefined:undefined":2,"s:53:4:56:Infinity":24,"s:54:6:56:Infinity":25,"s:58:4:58:Infinity":26,"s:60:4:60:Infinity":27}}}
,"/Users/bohdanmorozov/Documents/trainingnf/backend/src/lib/prisma.ts": {"path":"/Users/bohdanmorozov/Documents/trainingnf/backend/src/lib/prisma.ts","statementMap":{"0":{"start":{"line":6,"column":25},"end":{"line":6,"column":null}},"1":{"start":{"line":7,"column":13},"end":{"line":7,"column":43}},"2":{"start":{"line":8,"column":16},"end":{"line":8,"column":34}},"3":{"start":{"line":10,"column":22},"end":{"line":10,"column":51}}},"fnMap":{},"branchMap":{},"s":{"0":3,"1":3,"2":3,"3":3},"f":{},"b":{},"meta":{"lastBranch":0,"lastFunction":0,"lastStatement":4,"seen":{"s:6:25:6:Infinity":0,"s:7:13:7:43":1,"s:8:16:8:34":2,"s:10:22:10:51":3}}}
,"/Users/bohdanmorozov/Documents/trainingnf/backend/src/middleware/cors.ts": {"path":"/Users/bohdanmorozov/Documents/trainingnf/backend/src/middleware/cors.ts","statementMap":{"0":{"start":{"line":12,"column":23},"end":{"line":14,"column":23}},"1":{"start":{"line":14,"column":14},"end":{"line":14,"column":22}},"2":{"start":{"line":16,"column":45},"end":{"line":32,"column":null}},"3":{"start":{"line":19,"column":4},"end":{"line":20,"column":null}},"4":{"start":{"line":20,"column":6},"end":{"line":20,"column":null}},"5":{"start":{"line":23,"column":4},"end":{"line":26,"column":null}},"6":{"start":{"line":24,"column":6},"end":{"line":24,"column":null}},"7":{"start":{"line":26,"column":6},"end":{"line":26,"column":null}}},"fnMap":{"0":{"name":"(anonymous_0)","decl":{"start":{"line":14,"column":3},"end":{"line":14,"column":8}},"loc":{"start":{"line":14,"column":14},"end":{"line":14,"column":22}},"line":14},"1":{"name":"(anonymous_1)","decl":{"start":{"line":17,"column":2},"end":{"line":17,"column":11}},"loc":{"start":{"line":17,"column":32},"end":{"line":26,"column":null}},"line":17}},"branchMap":{"0":{"loc":{"start":{"line":19,"column":4},"end":{"line":20,"column":null}},"type":"if","locations":[{"start":{"line":19,"column":4},"end":{"line":20,"column":null}},{"start":{},"end":{}}],"line":19},"1":{"loc":{"start":{"line":23,"column":4},"end":{"line":26,"column":null}},"type":"if","locations":[{"start":{"line":23,"column":4},"end":{"line":26,"column":null}},{"start":{"line":25,"column":11},"end":{"line":26,"column":null}}],"line":23}},"s":{"0":3,"1":3,"2":3,"3":19,"4":14,"5":5,"6":4,"7":1},"f":{"0":3,"1":19},"b":{"0":[14,5],"1":[4,1]},"meta":{"lastBranch":2,"lastFunction":2,"lastStatement":8,"seen":{"s:12:23:14:23":0,"f:14:3:14:8":0,"s:14:14:14:22":1,"s:16:45:32:Infinity":2,"f:17:2:17:11":1,"b:19:4:20:Infinity:undefined:undefined:undefined:undefined":0,"s:19:4:20:Infinity":3,"s:20:6:20:Infinity":4,"b:23:4:26:Infinity:25:11:26:Infinity":1,"s:23:4:26:Infinity":5,"s:24:6:24:Infinity":6,"s:26:6:26:Infinity":7}}}
,"/Users/bohdanmorozov/Documents/trainingnf/backend/src/middleware/errorHandler.ts": {"path":"/Users/bohdanmorozov/Documents/trainingnf/backend/src/middleware/errorHandler.ts","statementMap":{"0":{"start":{"line":9,"column":2},"end":{"line":9,"column":null}},"1":{"start":{"line":10,"column":2},"end":{"line":16,"column":null}}},"fnMap":{"0":{"name":"errorHandler","decl":{"start":{"line":3,"column":16},"end":{"line":3,"column":null}},"loc":{"start":{"line":8,"column":2},"end":{"line":16,"column":null}},"line":8}},"branchMap":{},"s":{"0":1,"1":1},"f":{"0":1},"b":{},"meta":{"lastBranch":0,"lastFunction":1,"lastStatement":2,"seen":{"f:3:16:3:Infinity":0,"s:9:2:9:Infinity":0,"s:10:2:16:Infinity":1}}}
,"/Users/bohdanmorozov/Documents/trainingnf/backend/src/middleware/validateRequest.ts": {"path":"/Users/bohdanmorozov/Documents/trainingnf/backend/src/middleware/validateRequest.ts","statementMap":{"0":{"start":{"line":5,"column":2},"end":{"line":18,"column":null}},"1":{"start":{"line":6,"column":19},"end":{"line":6,"column":45}},"2":{"start":{"line":7,"column":4},"end":{"line":15,"column":null}},"3":{"start":{"line":8,"column":25},"end":{"line":8,"column":null}},"4":{"start":{"line":9,"column":6},"end":{"line":15,"column":null}},"5":{"start":{"line":17,"column":4},"end":{"line":17,"column":null}},"6":{"start":{"line":18,"column":4},"end":{"line":18,"column":null}}},"fnMap":{"0":{"name":"validateBody","decl":{"start":{"line":4,"column":16},"end":{"line":4,"column":29}},"loc":{"start":{"line":4,"column":48},"end":{"line":18,"column":null}},"line":4},"1":{"name":"(anonymous_1)","decl":{"start":{"line":5,"column":2},"end":{"line":5,"column":10}},"loc":{"start":{"line":5,"column":62},"end":{"line":18,"column":null}},"line":5}},"branchMap":{"0":{"loc":{"start":{"line":7,"column":4},"end":{"line":15,"column":null}},"type":"if","locations":[{"start":{"line":7,"column":4},"end":{"line":15,"column":null}},{"start":{},"end":{}}],"line":7},"1":{"loc":{"start":{"line":11,"column":19},"end":{"line":11,"column":null}},"type":"binary-expr","locations":[{"start":{"line":11,"column":19},"end":{"line":11,"column":42}},{"start":{"line":11,"column":42},"end":{"line":11,"column":null}}],"line":11}},"s":{"0":6,"1":8,"2":8,"3":3,"4":3,"5":5,"6":5},"f":{"0":6,"1":8},"b":{"0":[3,5],"1":[3,0]},"meta":{"lastBranch":2,"lastFunction":2,"lastStatement":7,"seen":{"f:4:16:4:29":0,"s:5:2:18:Infinity":0,"f:5:2:5:10":1,"s:6:19:6:45":1,"b:7:4:15:Infinity:undefined:undefined:undefined:undefined":0,"s:7:4:15:Infinity":2,"s:8:25:8:Infinity":3,"s:9:6:15:Infinity":4,"b:11:19:11:42:11:42:11:Infinity":1,"s:17:4:17:Infinity":5,"s:18:4:18:Infinity":6}}}
,"/Users/bohdanmorozov/Documents/trainingnf/backend/src/routes/todo.routes.ts": {"path":"/Users/bohdanmorozov/Documents/trainingnf/backend/src/routes/todo.routes.ts","statementMap":{"0":{"start":{"line":6,"column":6},"end":{"line":6,"column":23}},"1":{"start":{"line":8,"column":0},"end":{"line":8,"column":null}},"2":{"start":{"line":9,"column":0},"end":{"line":9,"column":null}},"3":{"start":{"line":10,"column":0},"end":{"line":10,"column":null}},"4":{"start":{"line":11,"column":0},"end":{"line":11,"column":null}},"5":{"start":{"line":12,"column":0},"end":{"line":12,"column":null}}},"fnMap":{},"branchMap":{},"s":{"0":3,"1":3,"2":3,"3":3,"4":3,"5":3},"f":{},"b":{},"meta":{"lastBranch":0,"lastFunction":0,"lastStatement":6,"seen":{"s:6:6:6:23":0,"s:8:0:8:Infinity":1,"s:9:0:9:Infinity":2,"s:10:0:10:Infinity":3,"s:11:0:11:Infinity":4,"s:12:0:12:Infinity":5}}}
,"/Users/bohdanmorozov/Documents/trainingnf/backend/src/services/todo.service.ts": {"path":"/Users/bohdanmorozov/Documents/trainingnf/backend/src/services/todo.service.ts","statementMap":{"0":{"start":{"line":7,"column":4},"end":{"line":9,"column":null}},"1":{"start":{"line":13,"column":4},"end":{"line":15,"column":null}},"2":{"start":{"line":19,"column":4},"end":{"line":28,"column":null}},"3":{"start":{"line":20,"column":6},"end":{"line":23,"column":null}},"4":{"start":{"line":25,"column":6},"end":{"line":26,"column":null}},"5":{"start":{"line":26,"column":8},"end":{"line":26,"column":null}},"6":{"start":{"line":28,"column":6},"end":{"line":28,"column":null}},"7":{"start":{"line":33,"column":4},"end":{"line":33,"column":null}},"8":{"start":{"line":37,"column":4},"end":{"line":45,"column":null}},"9":{"start":{"line":38,"column":6},"end":{"line":40,"column":null}},"10":{"start":{"line":42,"column":6},"end":{"line":43,"column":null}},"11":{"start":{"line":43,"column":8},"end":{"line":43,"column":null}},"12":{"start":{"line":45,"column":6},"end":{"line":45,"column":null}},"13":{"start":{"line":50,"column":27},"end":{"line":50,"column":44}}},"fnMap":{"0":{"name":"(anonymous_0)","decl":{"start":{"line":6,"column":8},"end":{"line":6,"column":18}},"loc":{"start":{"line":6,"column":18},"end":{"line":9,"column":null}},"line":6},"1":{"name":"(anonymous_1)","decl":{"start":{"line":12,"column":8},"end":{"line":12,"column":15}},"loc":{"start":{"line":12,"column":33},"end":{"line":15,"column":null}},"line":12},"2":{"name":"(anonymous_2)","decl":{"start":{"line":18,"column":8},"end":{"line":18,"column":15}},"loc":{"start":{"line":18,"column":45},"end":{"line":28,"column":null}},"line":18},"3":{"name":"(anonymous_3)","decl":{"start":{"line":32,"column":8},"end":{"line":32,"column":20}},"loc":{"start":{"line":32,"column":20},"end":{"line":33,"column":null}},"line":32},"4":{"name":"(anonymous_4)","decl":{"start":{"line":36,"column":8},"end":{"line":36,"column":15}},"loc":{"start":{"line":36,"column":27},"end":{"line":45,"column":null}},"line":36}},"branchMap":{"0":{"loc":{"start":{"line":25,"column":6},"end":{"line":26,"column":null}},"type":"if","locations":[{"start":{"line":25,"column":6},"end":{"line":26,"column":null}},{"start":{},"end":{}}],"line":25},"1":{"loc":{"start":{"line":25,"column":10},"end":{"line":25,"column":83}},"type":"binary-expr","locations":[{"start":{"line":25,"column":10},"end":{"line":25,"column":63}},{"start":{"line":25,"column":63},"end":{"line":25,"column":83}}],"line":25},"2":{"loc":{"start":{"line":42,"column":6},"end":{"line":43,"column":null}},"type":"if","locations":[{"start":{"line":42,"column":6},"end":{"line":43,"column":null}},{"start":{},"end":{}}],"line":42},"3":{"loc":{"start":{"line":42,"column":10},"end":{"line":42,"column":83}},"type":"binary-expr","locations":[{"start":{"line":42,"column":10},"end":{"line":42,"column":63}},{"start":{"line":42,"column":63},"end":{"line":42,"column":83}}],"line":42}},"s":{"0":3,"1":4,"2":5,"3":5,"4":3,"5":2,"6":1,"7":0,"8":4,"9":4,"10":2,"11":2,"12":0,"13":4},"f":{"0":3,"1":4,"2":5,"3":0,"4":4},"b":{"0":[2,1],"1":[3,2],"2":[2,0],"3":[2,2]},"meta":{"lastBranch":4,"lastFunction":5,"lastStatement":14,"seen":{"f:6:8:6:18":0,"s:7:4:9:Infinity":0,"f:12:8:12:15":1,"s:13:4:15:Infinity":1,"f:18:8:18:15":2,"s:19:4:28:Infinity":2,"s:20:6:23:Infinity":3,"b:25:6:26:Infinity:undefined:undefined:undefined:undefined":0,"s:25:6:26:Infinity":4,"b:25:10:25:63:25:63:25:83":1,"s:26:8:26:Infinity":5,"s:28:6:28:Infinity":6,"f:32:8:32:20":3,"s:33:4:33:Infinity":7,"f:36:8:36:15":4,"s:37:4:45:Infinity":8,"s:38:6:40:Infinity":9,"b:42:6:43:Infinity:undefined:undefined:undefined:undefined":2,"s:42:6:43:Infinity":10,"b:42:10:42:63:42:63:42:83":3,"s:43:8:43:Infinity":11,"s:45:6:45:Infinity":12,"s:50:27:50:44":13}}}
,"/Users/bohdanmorozov/Documents/trainingnf/backend/src/validation/todo.schema.ts": {"path":"/Users/bohdanmorozov/Documents/trainingnf/backend/src/validation/todo.schema.ts","statementMap":{"0":{"start":{"line":3,"column":32},"end":{"line":9,"column":2}},"1":{"start":{"line":11,"column":32},"end":{"line":21,"column":2}},"2":{"start":{"line":19,"column":18},"end":{"line":19,"column":48}}},"fnMap":{"0":{"name":"(anonymous_0)","decl":{"start":{"line":19,"column":3},"end":{"line":19,"column":10}},"loc":{"start":{"line":19,"column":18},"end":{"line":19,"column":48}},"line":19}},"branchMap":{},"s":{"0":4,"1":4,"2":6},"f":{"0":6},"b":{},"meta":{"lastBranch":0,"lastFunction":1,"lastStatement":3,"seen":{"s:3:32:9:2":0,"s:11:32:21:2":1,"f:19:3:19:10":0,"s:19:18:19:48":2}}}
}
